0 info it worked if it ends with ok
1 verbose cli [ '/usr/bin/node', '/usr/bin/npm', 'install', 'http-server', '-g' ]
2 info using npm@1.4.28
3 info using node@v0.10.33
4 verbose node symlink /usr/bin/node
5 verbose cache add [ 'http-server', null ]
6 verbose cache add name=undefined spec="http-server" args=["http-server",null]
7 verbose parsed url { protocol: null,
7 verbose parsed url   slashes: null,
7 verbose parsed url   auth: null,
7 verbose parsed url   host: null,
7 verbose parsed url   port: null,
7 verbose parsed url   hostname: null,
7 verbose parsed url   hash: null,
7 verbose parsed url   search: null,
7 verbose parsed url   query: null,
7 verbose parsed url   pathname: 'http-server',
7 verbose parsed url   path: 'http-server',
7 verbose parsed url   href: 'http-server' }
8 silly lockFile ed608307-http-server http-server
9 verbose lock http-server /home/gustavofonseca/.npm/ed608307-http-server.lock
10 silly lockFile ed608307-http-server http-server
11 silly lockFile ed608307-http-server http-server
12 verbose addNamed [ 'http-server', '' ]
13 verbose addNamed [ null, '*' ]
14 silly lockFile 550353c6-http-server http-server@
15 verbose lock http-server@ /home/gustavofonseca/.npm/550353c6-http-server.lock
16 silly addNameRange { name: 'http-server', range: '*', hasData: false }
17 verbose request where is /http-server
18 verbose request registry https://registry.npmjs.org/
19 verbose request id 2eebf6598756ce95
20 verbose url raw /http-server
21 verbose url resolving [ 'https://registry.npmjs.org/', './http-server' ]
22 verbose url resolved https://registry.npmjs.org/http-server
23 verbose request where is https://registry.npmjs.org/http-server
24 info trying registry request attempt 1 at 16:22:02
25 http GET https://registry.npmjs.org/http-server
26 http 200 https://registry.npmjs.org/http-server
27 silly registry.get cb [ 200,
27 silly registry.get   { date: 'Sun, 01 Mar 2015 19:22:03 GMT',
27 silly registry.get     server: 'CouchDB/1.6.1 (Erlang OTP/R14B04)',
27 silly registry.get     etag: '"7JZTAC17V9JUOIW1YE7VG2JD2"',
27 silly registry.get     'content-type': 'application/json',
27 silly registry.get     'cache-control': 'max-age=60',
27 silly registry.get     'content-length': '42405',
27 silly registry.get     'accept-ranges': 'bytes',
27 silly registry.get     via: '1.1 varnish',
27 silly registry.get     age: '45',
27 silly registry.get     'x-served-by': 'cache-iad2139-IAD',
27 silly registry.get     'x-cache': 'HIT',
27 silly registry.get     'x-cache-hits': '1',
27 silly registry.get     'x-timer': 'S1425237723.525465,VS0,VE0',
27 silly registry.get     vary: 'Accept',
27 silly registry.get     'keep-alive': 'timeout=10, max=50',
27 silly registry.get     connection: 'Keep-Alive' } ]
28 silly addNameRange number 2 { name: 'http-server', range: '*', hasData: true }
29 silly addNameRange versions [ 'http-server',
29 silly addNameRange   [ '0.1.0',
29 silly addNameRange     '0.1.1',
29 silly addNameRange     '0.1.3',
29 silly addNameRange     '0.2.1',
29 silly addNameRange     '0.2.2',
29 silly addNameRange     '0.2.3',
29 silly addNameRange     '0.2.4',
29 silly addNameRange     '0.2.5',
29 silly addNameRange     '0.2.6',
29 silly addNameRange     '0.2.9',
29 silly addNameRange     '0.3.0',
29 silly addNameRange     '0.4.0',
29 silly addNameRange     '0.4.1',
29 silly addNameRange     '0.5.0',
29 silly addNameRange     '0.5.1',
29 silly addNameRange     '0.5.2',
29 silly addNameRange     '0.5.3',
29 silly addNameRange     '0.5.5',
29 silly addNameRange     '0.6.0',
29 silly addNameRange     '0.6.1',
29 silly addNameRange     '0.7.0',
29 silly addNameRange     '0.7.1',
29 silly addNameRange     '0.7.2',
29 silly addNameRange     '0.7.3',
29 silly addNameRange     '0.7.4',
29 silly addNameRange     '0.7.5' ] ]
30 verbose addNamed [ 'http-server', '0.7.5' ]
31 verbose addNamed [ '0.7.5', '0.7.5' ]
32 silly lockFile 137d3f10-http-server-0-7-5 http-server@0.7.5
33 verbose lock http-server@0.7.5 /home/gustavofonseca/.npm/137d3f10-http-server-0-7-5.lock
34 silly lockFile 4689a201-ttp-server-http-server-0-7-5-tgz https://registry.npmjs.org/http-server/-/http-server-0.7.5.tgz
35 verbose lock https://registry.npmjs.org/http-server/-/http-server-0.7.5.tgz /home/gustavofonseca/.npm/4689a201-ttp-server-http-server-0-7-5-tgz.lock
36 verbose addRemoteTarball [ 'https://registry.npmjs.org/http-server/-/http-server-0.7.5.tgz',
36 verbose addRemoteTarball   'b18bd1d838e78c30be8cf382e9342ebdd17a9fc3' ]
37 info retry fetch attempt 1 at 16:22:04
38 verbose fetch to= /tmp/npm-5240-GwDS4wqx/registry.npmjs.org/http-server/-/http-server-0.7.5.tgz
39 http GET https://registry.npmjs.org/http-server/-/http-server-0.7.5.tgz
40 http 200 https://registry.npmjs.org/http-server/-/http-server-0.7.5.tgz
41 silly lockFile 4689a201-ttp-server-http-server-0-7-5-tgz https://registry.npmjs.org/http-server/-/http-server-0.7.5.tgz
42 silly lockFile 4689a201-ttp-server-http-server-0-7-5-tgz https://registry.npmjs.org/http-server/-/http-server-0.7.5.tgz
43 silly lockFile 137d3f10-http-server-0-7-5 http-server@0.7.5
44 silly lockFile 137d3f10-http-server-0-7-5 http-server@0.7.5
45 silly lockFile 550353c6-http-server http-server@
46 silly lockFile 550353c6-http-server http-server@
47 silly resolved [ { name: 'http-server',
47 silly resolved     version: '0.7.5',
47 silly resolved     description: 'a simple zero-configuration command-line http server',
47 silly resolved     main: './lib/http-server',
47 silly resolved     repository:
47 silly resolved      { type: 'git',
47 silly resolved        url: 'git://github.com/nodeapps/http-server.git' },
47 silly resolved     keywords: [ 'cli', 'command' ],
47 silly resolved     scripts:
47 silly resolved      { start: 'node ./bin/http-server',
47 silly resolved        pretest: 'stylezero bin/ lib/ test',
47 silly resolved        test: 'vows --spec --isolate' },
47 silly resolved     contributors:
47 silly resolved      [ [Object],
47 silly resolved        [Object],
47 silly resolved        [Object],
47 silly resolved        [Object],
47 silly resolved        [Object],
47 silly resolved        [Object],
47 silly resolved        [Object],
47 silly resolved        [Object],
47 silly resolved        [Object],
47 silly resolved        [Object] ],
47 silly resolved     dependencies:
47 silly resolved      { colors: '1.0.3',
47 silly resolved        optimist: '0.6.x',
47 silly resolved        union: '~0.4.3',
47 silly resolved        ecstatic: '~0.6.0',
47 silly resolved        portfinder: '0.2.x',
47 silly resolved        opener: '~1.4.0' },
47 silly resolved     devDependencies: { vows: '0.7.x', request: '2.49.x', stylezero: '2.1.1' },
47 silly resolved     bugs: { url: 'https://github.com/nodeapps/http-server/issues' },
47 silly resolved     licenses: [ [Object] ],
47 silly resolved     analyze: false,
47 silly resolved     preferGlobal: 'true',
47 silly resolved     bin: { 'http-server': './bin/http-server', hs: './bin/http-server' },
47 silly resolved     gitHead: '120daa2b1bbca84bf1474bd757e147d95fdab3ed',
47 silly resolved     homepage: 'https://github.com/nodeapps/http-server',
47 silly resolved     _id: 'http-server@0.7.5',
47 silly resolved     _shasum: 'b18bd1d838e78c30be8cf382e9342ebdd17a9fc3',
47 silly resolved     _from: 'http-server@',
47 silly resolved     _npmVersion: '2.2.0',
47 silly resolved     _nodeVersion: '0.10.33',
47 silly resolved     _npmUser: { name: 'indexzero', email: 'charlie.robbins@gmail.com' },
47 silly resolved     maintainers: [ [Object] ],
47 silly resolved     dist:
47 silly resolved      { shasum: 'b18bd1d838e78c30be8cf382e9342ebdd17a9fc3',
47 silly resolved        tarball: 'http://registry.npmjs.org/http-server/-/http-server-0.7.5.tgz' },
47 silly resolved     directories: {},
47 silly resolved     _resolved: 'https://registry.npmjs.org/http-server/-/http-server-0.7.5.tgz' } ]
48 info install http-server@0.7.5 into /usr/lib
49 info installOne http-server@0.7.5
50 verbose lib/node_modules/http-server unbuild
51 verbose tar unpack /home/gustavofonseca/.npm/http-server/0.7.5/package.tgz
52 silly lockFile c4aa20d2-usr-lib-node-modules-http-server tar:///usr/lib/node_modules/http-server
53 verbose lock tar:///usr/lib/node_modules/http-server /home/gustavofonseca/.npm/c4aa20d2-usr-lib-node-modules-http-server.lock
54 silly lockFile 0c863376-pm-http-server-0-7-5-package-tgz tar:///home/gustavofonseca/.npm/http-server/0.7.5/package.tgz
55 verbose lock tar:///home/gustavofonseca/.npm/http-server/0.7.5/package.tgz /home/gustavofonseca/.npm/0c863376-pm-http-server-0-7-5-package-tgz.lock
56 silly gunzTarPerm modes [ '775', '664' ]
57 error Error: EACCES, mkdir '/usr/lib/node_modules/http-server'
57 error  { [Error: EACCES, mkdir '/usr/lib/node_modules/http-server']
57 error   errno: 3,
57 error   code: 'EACCES',
57 error   path: '/usr/lib/node_modules/http-server',
57 error   fstream_type: 'Directory',
57 error   fstream_path: '/usr/lib/node_modules/http-server',
57 error   fstream_class: 'DirWriter',
57 error   fstream_stack:
57 error    [ '/usr/lib/node_modules/npm/node_modules/fstream/lib/dir-writer.js:36:23',
57 error      '/usr/lib/node_modules/npm/node_modules/mkdirp/index.js:46:53',
57 error      'Object.oncomplete (fs.js:107:15)' ] }
58 error Please try running this command again as root/Administrator.
59 error System Linux 3.13.0-46-generic
60 error command "/usr/bin/node" "/usr/bin/npm" "install" "http-server" "-g"
61 error cwd /home/gustavofonseca/wks/webDevExperiment/04-JQuery
62 error node -v v0.10.33
63 error npm -v 1.4.28
64 error path /usr/lib/node_modules/http-server
65 error fstream_path /usr/lib/node_modules/http-server
66 error fstream_type Directory
67 error fstream_class DirWriter
68 error code EACCES
69 error errno 3
70 error stack Error: EACCES, mkdir '/usr/lib/node_modules/http-server'
71 error fstream_stack /usr/lib/node_modules/npm/node_modules/fstream/lib/dir-writer.js:36:23
71 error fstream_stack /usr/lib/node_modules/npm/node_modules/mkdirp/index.js:46:53
71 error fstream_stack Object.oncomplete (fs.js:107:15)
72 verbose exit [ 3, true ]
